0 info it worked if it ends with ok
1 verbose cli [ 'D:\\Program Files\\nodejs\\node.exe',
1 verbose cli   'D:\\Program Files\\nodejs\\node_modules\\npm\\bin\\npm-cli.js',
1 verbose cli   'run',
1 verbose cli   'dev' ]
2 info using npm@3.6.0
3 info using node@v5.7.0
4 verbose run-script [ 'predev', 'dev', 'postdev' ]
5 info lifecycle cms_project_sh9@1.0.0~predev: cms_project_sh9@1.0.0
6 silly lifecycle cms_project_sh9@1.0.0~predev: no script for predev, continuing
7 info lifecycle cms_project_sh9@1.0.0~dev: cms_project_sh9@1.0.0
8 verbose lifecycle cms_project_sh9@1.0.0~dev: unsafe-perm in lifecycle true
9 verbose lifecycle cms_project_sh9@1.0.0~dev: PATH: D:\Program Files\nodejs\node_modules\npm\bin\node-gyp-bin;C:\Users\贺洁\Desktop\传智   每天课程 练习\HJ就业班\Vue《十三》\项目\node_modules\.bin;C:\Users\贺洁\bin;D:\Git\mingw64\bin;D:\Git\usr\local\bin;D:\Git\usr\bin;D:\Git\usr\bin;D:\Git\mingw64\bin;D:\Git\usr\bin;C:\Users\贺洁\bin;C:\Program Files (x86)\Intel\iCLS Client;C:\Program Files\Intel\iCLS Client;C:\windows\system32;C:\windows;C:\windows\System32\Wbem;C:\windows\System32\WindowsPowerShell\v1.0;C:\Program Files (x86)\Intel\Intel(R) Management Engine Components\DAL;C:\Program Files\Intel\Intel(R) Management Engine Components\DAL;C:\Program Files (x86)\Intel\Intel(R) Management Engine Components\IPT;C:\Program Files\Intel\Intel(R) Management Engine Components\IPT;C:\Program Files (x86)\NVIDIA Corporation\PhysX\Common;C:\Program Files\Intel\WiFi\bin;C:\Program Files\Common Files\Intel\WirelessCommon;D:\Program Files\nodejs;D:\Git\cmd;C:\Program Files\MongoDB\Server\3.4\bin;C:\Users\贺洁\AppData\Local\Microsoft\WindowsApps;C:\Users\贺洁\AppData\Roaming\npm;C:\Program Files (x86)\Microsoft VS Code\bin;D:\Git\usr\bin\vendor_perl;D:\Git\usr\bin\core_perl
10 verbose lifecycle cms_project_sh9@1.0.0~dev: CWD: C:\Users\贺洁\Desktop\传智   每天课程 练习\HJ就业班\Vue《十三》\项目
11 silly lifecycle cms_project_sh9@1.0.0~dev: Args: [ '/d /s /c',
11 silly lifecycle   'webpack-dev-server --inline --hot --open --port 9999' ]
12 silly lifecycle cms_project_sh9@1.0.0~dev: Returned: code: 1  signal: null
13 info lifecycle cms_project_sh9@1.0.0~dev: Failed to exec dev script
14 verbose stack Error: cms_project_sh9@1.0.0 dev: `webpack-dev-server --inline --hot --open --port 9999`
14 verbose stack Exit status 1
14 verbose stack     at EventEmitter.<anonymous> (D:\Program Files\nodejs\node_modules\npm\lib\utils\lifecycle.js:232:16)
14 verbose stack     at emitTwo (events.js:100:13)
14 verbose stack     at EventEmitter.emit (events.js:185:7)
14 verbose stack     at ChildProcess.<anonymous> (D:\Program Files\nodejs\node_modules\npm\lib\utils\spawn.js:24:14)
14 verbose stack     at emitTwo (events.js:100:13)
14 verbose stack     at ChildProcess.emit (events.js:185:7)
14 verbose stack     at maybeClose (internal/child_process.js:827:16)
14 verbose stack     at Process.ChildProcess._handle.onexit (internal/child_process.js:211:5)
15 verbose pkgid cms_project_sh9@1.0.0
16 verbose cwd C:\Users\贺洁\Desktop\传智   每天课程 练习\HJ就业班\Vue《十三》\项目\src
17 error Windows_NT 10.0.14393
18 error argv "D:\\Program Files\\nodejs\\node.exe" "D:\\Program Files\\nodejs\\node_modules\\npm\\bin\\npm-cli.js" "run" "dev"
19 error node v5.7.0
20 error npm  v3.6.0
21 error code ELIFECYCLE
22 error cms_project_sh9@1.0.0 dev: `webpack-dev-server --inline --hot --open --port 9999`
22 error Exit status 1
23 error Failed at the cms_project_sh9@1.0.0 dev script 'webpack-dev-server --inline --hot --open --port 9999'.
23 error Make sure you have the latest version of node.js and npm installed.
23 error If you do, this is most likely a problem with the cms_project_sh9 package,
23 error not with npm itself.
23 error Tell the author that this fails on your system:
23 error     webpack-dev-server --inline --hot --open --port 9999
23 error You can get information on how to open an issue for this project with:
23 error     npm bugs cms_project_sh9
23 error Or if that isn't available, you can get their info via:
23 error     npm owner ls cms_project_sh9
23 error There is likely additional logging output above.
24 verbose exit [ 1, true ]
